  blake2sp.c
c:\users\john\documents\visual studio 2015\projects\cryptography\blake2\blakec\blake2sp.c(154): warning C4244: 'function': conversion from 'uint64_t' to 'size_t', possible loss of data
c:\users\john\documents\visual studio 2015\projects\cryptography\blake2\blakec\blake2sp.c(156): warning C4244: '=': conversion from 'uint64_t' to 'size_t', possible loss of data
c:\users\john\documents\visual studio 2015\projects\cryptography\blake2\blakec\blake2sp.c(162): warning C4028: formal parameter 3 different from declaration
c:\users\john\documents\visual studio 2015\projects\cryptography\blake2\blakec\blake2sp.c(187): warning C4028: formal parameter 4 different from declaration
c:\users\john\documents\visual studio 2015\projects\cryptography\blake2\blakec\blake2sp.c(187): warning C4028: formal parameter 5 different from declaration
c:\users\john\documents\visual studio 2015\projects\cryptography\blake2\blakec\blake2sp.c(243): warning C4244: 'initializing': conversion from 'uint64_t' to 'const size_t', possible loss of data
  blake2s.c
c:\users\john\documents\visual studio 2015\projects\cryptography\blake2\blakec\blake2s.c(266): warning C4101: 'r16': unreferenced local variable
c:\users\john\documents\visual studio 2015\projects\cryptography\blake2\blakec\blake2s.c(265): warning C4101: 'r8': unreferenced local variable
c:\users\john\documents\visual studio 2015\projects\cryptography\blake2\blakec\blake2s.c(332): warning C4244: 'function': conversion from 'uint64_t' to 'size_t', possible loss of data
c:\users\john\documents\visual studio 2015\projects\cryptography\blake2\blakec\blake2s.c(333): warning C4244: '+=': conversion from 'uint64_t' to 'size_t', possible loss of data
  blake2bp.c
c:\users\john\documents\visual studio 2015\projects\cryptography\blake2\blakec\blake2bp.c(161): warning C4244: 'function': conversion from 'uint64_t' to 'size_t', possible loss of data
c:\users\john\documents\visual studio 2015\projects\cryptography\blake2\blakec\blake2bp.c(163): warning C4244: '=': conversion from 'uint64_t' to 'size_t', possible loss of data
c:\users\john\documents\visual studio 2015\projects\cryptography\blake2\blakec\blake2bp.c(168): warning C4028: formal parameter 3 different from declaration
c:\users\john\documents\visual studio 2015\projects\cryptography\blake2\blakec\blake2bp.c(193): warning C4028: formal parameter 4 different from declaration
c:\users\john\documents\visual studio 2015\projects\cryptography\blake2\blakec\blake2bp.c(193): warning C4028: formal parameter 5 different from declaration
c:\users\john\documents\visual studio 2015\projects\cryptography\blake2\blakec\blake2bp.c(252): warning C4244: 'initializing': conversion from 'uint64_t' to 'const size_t', possible loss of data
  blake2b.c
c:\users\john\documents\visual studio 2015\projects\cryptography\blake2\blakec\blake2b.c(348): warning C4244: 'function': conversion from 'uint64_t' to 'size_t', possible loss of data
c:\users\john\documents\visual studio 2015\projects\cryptography\blake2\blakec\blake2b.c(349): warning C4244: '+=': conversion from 'uint64_t' to 'size_t', possible loss of data
  Generating Code...
  Blake2bX.cpp
c:\users\john\documents\visual studio 2015\projects\cryptography\blake2\blakec\blake2bx.cpp(98): warning C4244: 'argument': conversion from 'uint64_t' to 'size_t', possible loss of data
c:\users\john\documents\visual studio 2015\projects\cryptography\blake2\blakec\blake2bx.cpp(99): warning C4244: '+=': conversion from 'uint64_t' to 'size_t', possible loss of data
  CBlake.vcxproj -> C:\Users\John\Documents\Visual Studio 2015\Projects\Cryptography\Blake2\Win\Debug\CBlake.lib
